0 verbose cli /usr/local/bin/node /usr/local/bin/npm
1 info using npm@8.11.0
2 info using node@v16.16.0
3 timing npm:load:whichnode Completed in 1ms
4 timing config:load:defaults Completed in 11ms
5 timing config:load:file:/usr/local/lib/node_modules/npm/npmrc Completed in 28ms
6 timing config:load:builtin Completed in 37ms
7 timing config:load:cli Completed in 30ms
8 timing config:load:env Completed in 1ms
9 timing config:load:file:/usr/src/node-red/.npmrc Completed in 0ms
10 timing config:load:project Completed in 67ms
11 timing config:load:file:/root/.npmrc Completed in 0ms
12 timing config:load:user Completed in 2ms
13 timing config:load:file:/usr/local/etc/npmrc Completed in 26ms
14 timing config:load:global Completed in 27ms
15 timing config:load:validate Completed in 0ms
16 timing config:load:credentials Completed in 1ms
17 timing config:load:setEnvs Completed in 6ms
18 timing config:load Completed in 219ms
19 timing npm:load:configload Completed in 220ms
20 timing npm:load:mkdirpcache Completed in 6ms
21 timing npm:load:mkdirplogs Completed in 4ms
22 verbose title npm
23 verbose argv "--version"
24 timing npm:load:setTitle Completed in 4ms
25 timing config:load:flatten Completed in 14ms
26 timing npm:load:display Completed in 19ms
27 verbose logfile logs-max:10 dir:/data/.npm/_logs
28 verbose logfile /data/.npm/_logs/2023-01-02T18_43_27_685Z-debug-0.log
29 timing npm:load:logFile Completed in 22ms
30 timing npm:load:timers Completed in 0ms
31 timing npm:load:configScope Completed in 0ms
32 timing npm:load Completed in 283ms
33 verbose exit 0
34 timing npm Completed in 306ms
35 info ok
